2025-04-23 16:37:25,353 INFO: PM signature path: C:\Users\rmeda\OneDrive - CULLY AUTOMATION\Personal\Automate SAT\SAT_Report_App\static\signatures\a5e78257-ed14-406d-a4bb-735927b4f81d_2.png, exists: True [in C:\Users\rmeda\OneDrive - CULLY AUTOMATION\Personal\Automate SAT\SAT_Report_App\routes\approval.py:139]
2025-04-23 16:37:25,364 INFO: Created PM signature image [in C:\Users\rmeda\OneDrive - CULLY AUTOMATION\Personal\Automate SAT\SAT_Report_App\routes\approval.py:143]
2025-04-23 16:37:25,365 INFO: Applying signature mapping with 11 variables [in C:\Users\rmeda\OneDrive - CULLY AUTOMATION\Personal\Automate SAT\SAT_Report_App\routes\approval.py:202]
2025-04-23 16:37:25,366 INFO:   SIG_PREPARED:  [in C:\Users\rmeda\OneDrive - CULLY AUTOMATION\Personal\Automate SAT\SAT_Report_App\routes\approval.py:205]
2025-04-23 16:37:25,368 INFO:   SIG_REVIEW_TECH: [InlineImage] [in C:\Users\rmeda\OneDrive - CULLY AUTOMATION\Personal\Automate SAT\SAT_Report_App\routes\approval.py:205]
2025-04-23 16:37:25,368 INFO:   SIG_REVIEW_PM: [InlineImage] [in C:\Users\rmeda\OneDrive - CULLY AUTOMATION\Personal\Automate SAT\SAT_Report_App\routes\approval.py:205]
2025-04-23 16:37:25,369 INFO:   SIG_APPROVAL_CLIENT:  [in C:\Users\rmeda\OneDrive - CULLY AUTOMATION\Personal\Automate SAT\SAT_Report_App\routes\approval.py:205]
2025-04-23 16:37:25,369 INFO:   SIG_PREPARED_BY:  [in C:\Users\rmeda\OneDrive - CULLY AUTOMATION\Personal\Automate SAT\SAT_Report_App\routes\approval.py:205]
2025-04-23 16:37:25,369 INFO:   SIG_APPROVER_1: [InlineImage] [in C:\Users\rmeda\OneDrive - CULLY AUTOMATION\Personal\Automate SAT\SAT_Report_App\routes\approval.py:205]
2025-04-23 16:37:25,369 INFO:   SIG_APPROVER_2: [InlineImage] [in C:\Users\rmeda\OneDrive - CULLY AUTOMATION\Personal\Automate SAT\SAT_Report_App\routes\approval.py:205]
2025-04-23 16:37:25,370 INFO:   SIG_APPROVER_3:  [in C:\Users\rmeda\OneDrive - CULLY AUTOMATION\Personal\Automate SAT\SAT_Report_App\routes\approval.py:205]
2025-04-23 16:37:25,370 INFO:   TECH_LEAD_DATE: 23-04-2025 16:37 [in C:\Users\rmeda\OneDrive - CULLY AUTOMATION\Personal\Automate SAT\SAT_Report_App\routes\approval.py:205]
2025-04-23 16:37:25,371 INFO:   PM_DATE: 23-04-2025 16:37 [in C:\Users\rmeda\OneDrive - CULLY AUTOMATION\Personal\Automate SAT\SAT_Report_App\routes\approval.py:205]
2025-04-23 16:37:25,371 INFO:   PREPARER_DATE:  [in C:\Users\rmeda\OneDrive - CULLY AUTOMATION\Personal\Automate SAT\SAT_Report_App\routes\approval.py:205]
2025-04-23 16:37:26,140 INFO: Template rendered successfully [in C:\Users\rmeda\OneDrive - CULLY AUTOMATION\Personal\Automate SAT\SAT_Report_App\routes\approval.py:214]
2025-04-23 16:37:26,173 INFO: Template saved to: C:\Users\rmeda\OneDrive - CULLY AUTOMATION\Personal\Automate SAT\SAT_Report_App\outputs\SAT_Report_Final.docx [in C:\Users\rmeda\OneDrive - CULLY AUTOMATION\Personal\Automate SAT\SAT_Report_App\routes\approval.py:216]
2025-04-24 09:52:17,911 INFO: SAT Report Generator startup [in C:\Users\rmeda\OneDrive - CULLY AUTOMATION\Personal\Automate SAT\SAT_Report_App\app.py:44]
2025-04-24 09:53:51,529 ERROR: Error processing signature data: name 'time' is not defined [in C:\Users\rmeda\OneDrive - CULLY AUTOMATION\Personal\Automate SAT\SAT_Report_App\routes\main.py:153]
2025-04-24 09:54:01,402 WARNING: Could not autofit tables: 'in <string>' requires string as left operand, not ellipsis [in C:\Users\rmeda\OneDrive - CULLY AUTOMATION\Personal\Automate SAT\SAT_Report_App\routes\main.py:539]
2025-04-24 09:54:03,657 INFO: Approval email sent to revanthmeda7702@gmail.com [in C:\Users\rmeda\OneDrive - CULLY AUTOMATION\Personal\Automate SAT\SAT_Report_App\routes\main.py:559]
2025-04-24 09:54:03,687 INFO: Generated report for submission 45abbd2a-3bed-4a51-b2dd-ce9f7e8a5259 [in C:\Users\rmeda\OneDrive - CULLY AUTOMATION\Personal\Automate SAT\SAT_Report_App\routes\main.py:570]
2025-04-24 09:54:21,298 INFO: Notifying next approver: siriguppanihitha1998@gmail.com [in C:\Users\rmeda\OneDrive - CULLY AUTOMATION\Personal\Automate SAT\SAT_Report_App\routes\approval.py:226]
2025-04-24 09:54:41,586 INFO: Preparing final document with context keys: ['DOCUMENT_TITLE', 'PROJECT_REFERENCE', 'DOCUMENT_REFERENCE', 'DATE', 'CLIENT_NAME', 'REVISION', 'REVISION_DETAILS', 'REVISION_DATE', 'PREPARED_BY', 'SIG_PREPARED', 'SIG_PREPARED_BY', 'REVIEWED_BY_TECH_LEAD', 'SIG_REVIEW_TECH', 'REVIEWED_BY_PM', 'SIG_REVIEW_PM', 'APPROVED_BY_CLIENT', 'SIG_APPROVAL_CLIENT', 'PURPOSE', 'SCOPE', 'PRE_TEST_REQUIREMENTS', 'KEY_COMPONENTS', 'IP_RECORDS', 'RELATED_DOCUMENTS', 'PRE_APPROVALS', 'POST_APPROVALS', 'SIGNAL_LISTS', 'ANALOGUE_LISTS', 'MODBUS_DIGITAL_LISTS', 'MODBUS_ANALOGUE_LISTS', 'DATA_VALIDATION', 'PROCESS_TEST', 'SCADA_VERIFICATION', 'TRENDS_TESTING', 'ALARM_LIST', 'SIG_APPROVER_1', 'SIG_APPROVER_2', 'SIG_APPROVER_3', 'approver_1_email', 'approver_2_email', 'approver_3_email'] [in C:\Users\rmeda\OneDrive - CULLY AUTOMATION\Personal\Automate SAT\SAT_Report_App\routes\approval.py:78]
2025-04-24 09:54:41,587 INFO: Successfully loaded Tech Lead signature: C:\Users\rmeda\OneDrive - CULLY AUTOMATION\Personal\Automate SAT\SAT_Report_App\static\signatures\45abbd2a-3bed-4a51-b2dd-ce9f7e8a5259_1.png [in C:\Users\rmeda\OneDrive - CULLY AUTOMATION\Personal\Automate SAT\SAT_Report_App\routes\approval.py:111]
2025-04-24 09:54:41,588 INFO: Successfully loaded PM signature: C:\Users\rmeda\OneDrive - CULLY AUTOMATION\Personal\Automate SAT\SAT_Report_App\static\signatures\45abbd2a-3bed-4a51-b2dd-ce9f7e8a5259_2.png [in C:\Users\rmeda\OneDrive - CULLY AUTOMATION\Personal\Automate SAT\SAT_Report_App\routes\approval.py:127]
2025-04-24 09:54:41,589 INFO: Applying 11 signature variables to template [in C:\Users\rmeda\OneDrive - CULLY AUTOMATION\Personal\Automate SAT\SAT_Report_App\routes\approval.py:183]
2025-04-24 09:54:42,403 INFO: Template successfully rendered and saved to: C:\Users\rmeda\OneDrive - CULLY AUTOMATION\Personal\Automate SAT\SAT_Report_App\outputs\SAT_Report_Final.docx [in C:\Users\rmeda\OneDrive - CULLY AUTOMATION\Personal\Automate SAT\SAT_Report_App\routes\approval.py:193]
2025-04-24 10:10:14,201 INFO: SAT Report Generator startup [in C:\Users\rmeda\OneDrive - CULLY AUTOMATION\Personal\Automate SAT\SAT_Report_App\app.py:44]
2025-04-24 10:27:33,548 INFO: SAT Report Generator startup [in C:\Users\rmeda\OneDrive - CULLY AUTOMATION\Personal\Automate SAT\SAT_Report_App\app.py:44]
